gcc: error: unrecognized command-line option ‘-Wall -pedantic -Werror -Wextra -std=gnu89’
Error: Compilation of ./1-strncat.c failed.
gcc: error: unrecognized command-line option ‘-Wall -pedantic -Werror -Wextra -std=gnu89’
Error: Compilation of ./4-strpbrk.c failed.
gcc: error: unrecognized command-line option ‘-Wall -pedantic -Werror -Wextra -std=gnu89’
Error: Compilation of ./5-strstr.c failed.
gcc: error: unrecognized command-line option ‘-Wall -pedantic -Werror -Wextra -std=gnu89’
Error: Compilation of ./1-memcpy.c failed.
gcc: error: unrecognized command-line option ‘-Wall -pedantic -Werror -Wextra -std=gnu89’
Error: Compilation of ./0-isupper.c failed.
gcc: error: unrecognized command-line option ‘-Wall -pedantic -Werror -Wextra -std=gnu89’
Error: Compilation of ./6-abs.c failed.
gcc: error: unrecognized command-line option ‘-Wall -pedantic -Werror -Wextra -std=gnu89’
Error: Compilation of ./0-strcat.c failed.
gcc: error: unrecognized command-line option ‘-Wall -pedantic -Werror -Wextra -std=gnu89’
Error: Compilation of ./100-atoi.c failed.
gcc: error: unrecognized command-line option ‘-Wall -pedantic -Werror -Wextra -std=gnu89’
Error: Compilation of ./3-strcmp.c failed.
gcc: error: unrecognized command-line option ‘-Wall -pedantic -Werror -Wextra -std=gnu89’
Error: Compilation of ./3-islower.c failed.
gcc: error: unrecognized command-line option ‘-Wall -pedantic -Werror -Wextra -std=gnu89’
Error: Compilation of ./2-strncpy.c failed.
gcc: error: unrecognized command-line option ‘-Wall -pedantic -Werror -Wextra -std=gnu89’
Error: Compilation of ./3-puts.c failed.
gcc: error: unrecognized command-line option ‘-Wall -pedantic -Werror -Wextra -std=gnu89’
Error: Compilation of ./1-isdigit.c failed.
gcc: error: unrecognized command-line option ‘-Wall -pedantic -Werror -Wextra -std=gnu89’
Error: Compilation of ./_putchar.c failed.
gcc: error: unrecognized command-line option ‘-Wall -pedantic -Werror -Wextra -std=gnu89’
Error: Compilation of ./2-strchr.c failed.
gcc: error: unrecognized command-line option ‘-Wall -pedantic -Werror -Wextra -std=gnu89’
Error: Compilation of ./4-isalpha.c failed.
gcc: error: unrecognized command-line option ‘-Wall -pedantic -Werror -Wextra -std=gnu89’
Error: Compilation of ./2-strlen.c failed.
gcc: error: unrecognized command-line option ‘-Wall -pedantic -Werror -Wextra -std=gnu89’
Error: Compilation of ./9-strcpy.c failed.
gcc: error: unrecognized command-line option ‘-Wall -pedantic -Werror -Wextra -std=gnu89’
Error: Compilation of ./3-strspn.c failed.
Compiled ./1-strncat.c to ./1-strncat.o
Compiled ./4-strpbrk.c to ./4-strpbrk.o
Compiled ./5-strstr.c to ./5-strstr.o
Compiled ./1-memcpy.c to ./1-memcpy.o
Compiled ./0-isupper.c to ./0-isupper.o
Compiled ./6-abs.c to ./6-abs.o
Compiled ./0-strcat.c to ./0-strcat.o
Compiled ./100-atoi.c to ./100-atoi.o
Compiled ./3-strcmp.c to ./3-strcmp.o
Compiled ./3-islower.c to ./3-islower.o
Compiled ./2-strncpy.c to ./2-strncpy.o
Compiled ./3-puts.c to ./3-puts.o
Compiled ./1-isdigit.c to ./1-isdigit.o
Compiled ./_putchar.c to ./_putchar.o
Compiled ./2-strchr.c to ./2-strchr.o
Compiled ./4-isalpha.c to ./4-isalpha.o
Compiled ./2-strlen.c to ./2-strlen.o
Compiled ./9-strcpy.c to ./9-strcpy.o
Compiled ./3-strspn.c to ./3-strspn.o
